  [1m[35m (24.2ms)[0m  [1m[35mCREATE TABLE "schema_migrations" ("version" character varying NOT NULL PRIMARY KEY)[0m
  [1m[35m (7.8ms)[0m  [1m[35mCREATE TABLE "ar_internal_metadata" ("key" character varying NOT NULL PRIMARY KEY, "value" character varying, "created_at" timestamp(6) NOT NULL, "updated_at" timestamp(6) NOT NULL)[0m
  [1m[35m (0.6ms)[0m  [1m[34mSELECT pg_try_advisory_lock(3912451606221788805)[0m
  [1m[36mActiveRecord::SchemaMigration Pluck (0.3ms)[0m  [1m[34mSELECT "schema_migrations"."version" FROM "schema_migrations" ORDER BY "schema_migrations"."version" ASC[0m
Migrating to CreateUsers (20220712170030)
  [1m[36mTRANSACTION (0.2ms)[0m  [1m[35mBEGIN[0m
  [1m[35m (7.6ms)[0m  [1m[35mCREATE TABLE "users" ("id" bigserial primary key, "name" character varying, "created_at" timestamp(6) NOT NULL, "updated_at" timestamp(6) NOT NULL)[0m
  [1m[36mActiveRecord::SchemaMigration Create (0.5ms)[0m  [1m[32mINSERT INTO "schema_migrations" ("version") VALUES ($1) RETURNING "version"[0m  [["version", "20220712170030"]]
  [1m[36mTRANSACTION (1.6ms)[0m  [1m[35mCOMMIT[0m
Migrating to CreateGroups (20220712170151)
  [1m[36mTRANSACTION (0.2ms)[0m  [1m[35mBEGIN[0m
  [1m[35m (9.6ms)[0m  [1m[35mCREATE TABLE "groups" ("id" bigserial primary key, "name" character varying, "icon" character varying, "user_id" bigint NOT NULL, "created_at" timestamp(6) NOT NULL, "updated_at" timestamp(6) NOT NULL, CONSTRAINT "fk_rails_5e78cd340a"
FOREIGN KEY ("user_id")
  REFERENCES "users" ("id")
)[0m
  [1m[35m (3.4ms)[0m  [1m[35mCREATE INDEX "index_groups_on_user_id" ON "groups" ("user_id")[0m
  [1m[36mActiveRecord::SchemaMigration Create (0.2ms)[0m  [1m[32mINSERT INTO "schema_migrations" ("version") VALUES ($1) RETURNING "version"[0m  [["version", "20220712170151"]]
  [1m[36mTRANSACTION (1.6ms)[0m  [1m[35mCOMMIT[0m
Migrating to CreatePayments (20220712173324)
  [1m[36mTRANSACTION (0.2ms)[0m  [1m[35mBEGIN[0m
  [1m[35m (7.2ms)[0m  [1m[35mCREATE TABLE "payments" ("id" bigserial primary key, "name" character varying, "amount" decimal, "user_id" bigint NOT NULL, "group_id" bigint NOT NULL, "created_at" timestamp(6) NOT NULL, "updated_at" timestamp(6) NOT NULL, CONSTRAINT "fk_rails_081dc04a02"
FOREIGN KEY ("user_id")
  REFERENCES "users" ("id")
, CONSTRAINT "fk_rails_e5637bab11"
FOREIGN KEY ("group_id")
  REFERENCES "groups" ("id")
)[0m
  [1m[35m (3.6ms)[0m  [1m[35mCREATE INDEX "index_payments_on_user_id" ON "payments" ("user_id")[0m
  [1m[35m (3.1ms)[0m  [1m[35mCREATE INDEX "index_payments_on_group_id" ON "payments" ("group_id")[0m
  [1m[36mActiveRecord::SchemaMigration Create (0.3ms)[0m  [1m[32mINSERT INTO "schema_migrations" ("version") VALUES ($1) RETURNING "version"[0m  [["version", "20220712173324"]]
  [1m[36mTRANSACTION (1.5ms)[0m  [1m[35mCOMMIT[0m
Migrating to AddDeviseToUsers (20220712175643)
  [1m[36mTRANSACTION (0.2ms)[0m  [1m[35mBEGIN[0m
  [1m[35m (0.3ms)[0m  [1m[35mALTER TABLE "users" ADD "email" character varying DEFAULT '' NOT NULL[0m
  [1m[35m (0.2ms)[0m  [1m[35mALTER TABLE "users" ADD "encrypted_password" character varying DEFAULT '' NOT NULL[0m
  [1m[35m (0.2ms)[0m  [1m[35mALTER TABLE "users" ADD "reset_password_token" character varying[0m
  [1m[35m (0.2ms)[0m  [1m[35mALTER TABLE "users" ADD "reset_password_sent_at" timestamp(6)[0m
  [1m[35m (0.3ms)[0m  [1m[35mALTER TABLE "users" ADD "remember_created_at" timestamp(6)[0m
  [1m[35m (3.2ms)[0m  [1m[35mCREATE UNIQUE INDEX "index_users_on_email" ON "users" ("email")[0m
  [1m[35m (4.1ms)[0m  [1m[35mCREATE UNIQUE INDEX "index_users_on_reset_password_token" ON "users" ("reset_password_token")[0m
  [1m[36mActiveRecord::SchemaMigration Create (0.3ms)[0m  [1m[32mINSERT INTO "schema_migrations" ("version") VALUES ($1) RETURNING "version"[0m  [["version", "20220712175643"]]
  [1m[36mTRANSACTION (1.5ms)[0m  [1m[35mCOMMIT[0m
  [1m[36mActiveRecord::InternalMetadata Load (0.3ms)[0m  [1m[34mSELECT "ar_internal_metadata".* FROM "ar_internal_metadata" WHERE "ar_internal_metadata"."key" = $1 LIMIT $2[0m  [["key", "environment"], ["LIMIT", 1]]
  [1m[36mTRANSACTION (0.1ms)[0m  [1m[35mBEGIN[0m
  [1m[36mActiveRecord::InternalMetadata Create (0.7ms)[0m  [1m[32mINSERT INTO "ar_internal_metadata" ("key", "value", "created_at", "updated_at") VALUES ($1, $2, $3, $4) RETURNING "key"[0m  [["key", "environment"], ["value", "development"], ["created_at", "2022-07-12 18:05:31.385430"], ["updated_at", "2022-07-12 18:05:31.385430"]]
  [1m[36mTRANSACTION (1.3ms)[0m  [1m[35mCOMMIT[0m
  [1m[35m (0.3ms)[0m  [1m[34mSELECT pg_advisory_unlock(3912451606221788805)[0m
  [1m[36mActiveRecord::SchemaMigration Pluck (0.4ms)[0m  [1m[34mSELECT "schema_migrations"."version" FROM "schema_migrations" ORDER BY "schema_migrations"."version" ASC[0m
Started GET "/" for 127.0.0.1 at 2022-07-12 23:21:55 +0200
  [1m[36mActiveRecord::SchemaMigration Pluck (0.6ms)[0m  [1m[34mSELECT "schema_migrations"."version" FROM "schema_migrations" ORDER BY "schema_migrations"."version" ASC[0m
Processing by Rails::WelcomeController#index as HTML
  Rendering /home/banstein/.rbenv/versions/3.1.2/lib/ruby/gems/3.1.0/gems/railties-7.0.3/lib/rails/templates/rails/welcome/index.html.erb
  Rendered /home/banstein/.rbenv/versions/3.1.2/lib/ruby/gems/3.1.0/gems/railties-7.0.3/lib/rails/templates/rails/welcome/index.html.erb (Duration: 15.2ms | Allocations: 645)
Completed 200 OK in 169ms (Views: 57.2ms | ActiveRecord: 0.0ms | Allocations: 5081)


Started GET "/" for 127.0.0.1 at 2022-07-12 23:23:10 +0200
  
ActionController::RoutingError (uninitialized constant UserController

      Object.const_get(camel_cased_word)
            ^^^^^^^^^^
Did you mean?  UsersController

            raise MissingController.new(error.message, error.name)
            ^^^^^):
  
Started GET "/" for 127.0.0.1 at 2022-07-12 23:23:22 +0200
  
ActionController::RoutingError (uninitialized constant UserController

      Object.const_get(camel_cased_word)
            ^^^^^^^^^^
Did you mean?  UsersController

            raise MissingController.new(error.message, error.name)
            ^^^^^):
  
Started GET "/" for 127.0.0.1 at 2022-07-12 23:23:47 +0200
  
ActionController::RoutingError (uninitialized constant UserController

      Object.const_get(camel_cased_word)
            ^^^^^^^^^^
Did you mean?  UsersController

            raise MissingController.new(error.message, error.name)
            ^^^^^):
  
Started GET "/" for 127.0.0.1 at 2022-07-12 23:23:50 +0200
  
ActionController::RoutingError (uninitialized constant UserController

      Object.const_get(camel_cased_word)
            ^^^^^^^^^^
Did you mean?  UsersController

            raise MissingController.new(error.message, error.name)
            ^^^^^):
  
Started GET "/" for 127.0.0.1 at 2022-07-12 23:23:55 +0200
  
ActionController::RoutingError (uninitialized constant UserController

      Object.const_get(camel_cased_word)
            ^^^^^^^^^^
Did you mean?  UsersController

            raise MissingController.new(error.message, error.name)
            ^^^^^):
  
